<?xml version="1.0" encoding="utf-8"?><testsuites><testsuite name="pytest" errors="0" failures="1" skipped="0" tests="3" time="0.111" timestamp="2023-11-27T16:01:48.283099" hostname="fedora"><testcase classname="tests.test_load" name="test_load_positive_has_2_people" time="0.001"><failure message="AssertionError: assert 3 == 2&#10; +  where 3 = len(['Jim Halpert, Sales, Salesman, jim@dundlermifflin.com', 'Dwight Scrute, Sales, Manager, schrute@dundlermifflin.com', 'Gabe Lewis, Director, Manager, glewis@dundlermifflin.com'])&#10; +    where ['Jim Halpert, Sales, Salesman, jim@dundlermifflin.com', 'Dwight Scrute, Sales, Manager, schrute@dundlermifflin.com', 'Gabe Lewis, Director, Manager, glewis@dundlermifflin.com'] = load('tests/assets/people.csv')">request = &lt;FixtureRequest for &lt;Function test_load_positive_has_2_people&gt;&gt;

    @pytest.mark.unit
    @pytest.mark.high
    def test_load_positive_has_2_people(request):
        """Test function load function."""
&gt;       assert len(load(PEOPLE_FILE)) == 2
E       AssertionError: assert 3 == 2
E        +  where 3 = len(['Jim Halpert, Sales, Salesman, jim@dundlermifflin.com', 'Dwight Scrute, Sales, Manager, schrute@dundlermifflin.com', 'Gabe Lewis, Director, Manager, glewis@dundlermifflin.com'])
E        +    where ['Jim Halpert, Sales, Salesman, jim@dundlermifflin.com', 'Dwight Scrute, Sales, Manager, schrute@dundlermifflin.com', 'Gabe Lewis, Director, Manager, glewis@dundlermifflin.com'] = load('tests/assets/people.csv')

tests/test_load.py:11: AssertionError</failure></testcase><testcase classname="tests.test_load" name="test_load_positive_first_name_starts_with_j" time="0.001" /><testcase classname="integration.test_load" name="test_load" time="0.056" /></testsuite></testsuites>